/usr/bin/make all 
/usr/bin/cmake -H/home/ubuntu/catkin_ws/src -B/home/ubuntu/catkin_ws/build --check-build-system CMakeFiles/Makefile.cmake 0
/usr/bin/cmake -E cmake_progress_start /home/ubuntu/catkin_ws/build/CMakeFiles /home/ubuntu/catkin_ws/build/CMakeFiles/progress.marks
/usr/bin/make -f CMakeFiles/Makefile2 all
make[1]: Entering directory `/home/ubuntu/catkin_ws/build'
/usr/bin/make -f dynamixel_motor/dynamixel_controllers/CMakeFiles/dynamixel_controllers_generate_messages_py.dir/build.make dynamixel_motor/dynamixel_controllers/CMakeFiles/dynamixel_controllers_generate_messages_py.dir/depend
make[2]: Entering directory `/home/ubuntu/catkin_ws/build'
cd /home/ubuntu/catkin_ws/build && /usr/bin/cmake -E cmake_depends "Unix Makefiles" /home/ubuntu/catkin_ws/src /home/ubuntu/catkin_ws/src/dynamixel_motor/dynamixel_controllers /home/ubuntu/catkin_ws/build /home/ubuntu/catkin_ws/build/dynamixel_motor/dynamixel_controllers /home/ubuntu/catkin_ws/build/dynamixel_motor/dynamixel_controllers/CMakeFiles/dynamixel_controllers_generate_messages_py.dir/DependInfo.cmake --color=
make[2]: Leaving directory `/home/ubuntu/catkin_ws/build'
/usr/bin/make -f dynamixel_motor/dynamixel_controllers/CMakeFiles/dynamixel_controllers_generate_messages_py.dir/build.make dynamixel_motor/dynamixel_controllers/CMakeFiles/dynamixel_controllers_generate_messages_py.dir/build
make[2]: Entering directory `/home/ubuntu/catkin_ws/build'
make[2]: Nothing to be done for `dynamixel_motor/dynamixel_controllers/CMakeFiles/dynamixel_controllers_generate_messages_py.dir/build'.
make[2]: Leaving directory `/home/ubuntu/catkin_ws/build'
/usr/bin/cmake -E cmake_progress_report /home/ubuntu/catkin_ws/build/CMakeFiles  24 25 26 27 28 29 30 31 32 33
[ 14%] Built target dynamixel_controllers_generate_messages_py
/usr/bin/make -f dynamixel_motor/dynamixel_controllers/CMakeFiles/dynamixel_controllers_generate_messages_cpp.dir/build.make dynamixel_motor/dynamixel_controllers/CMakeFiles/dynamixel_controllers_generate_messages_cpp.dir/depend
make[2]: Entering directory `/home/ubuntu/catkin_ws/build'
cd /home/ubuntu/catkin_ws/build && /usr/bin/cmake -E cmake_depends "Unix Makefiles" /home/ubuntu/catkin_ws/src /home/ubuntu/catkin_ws/src/dynamixel_motor/dynamixel_controllers /home/ubuntu/catkin_ws/build /home/ubuntu/catkin_ws/build/dynamixel_motor/dynamixel_controllers /home/ubuntu/catkin_ws/build/dynamixel_motor/dynamixel_controllers/CMakeFiles/dynamixel_controllers_generate_messages_cpp.dir/DependInfo.cmake --color=
make[2]: Leaving directory `/home/ubuntu/catkin_ws/build'
/usr/bin/make -f dynamixel_motor/dynamixel_controllers/CMakeFiles/dynamixel_controllers_generate_messages_cpp.dir/build.make dynamixel_motor/dynamixel_controllers/CMakeFiles/dynamixel_controllers_generate_messages_cpp.dir/build
make[2]: Entering directory `/home/ubuntu/catkin_ws/build'
make[2]: Nothing to be done for `dynamixel_motor/dynamixel_controllers/CMakeFiles/dynamixel_controllers_generate_messages_cpp.dir/build'.
make[2]: Leaving directory `/home/ubuntu/catkin_ws/build'
/usr/bin/cmake -E cmake_progress_report /home/ubuntu/catkin_ws/build/CMakeFiles  6 7 8 9 10 11 12 13 14
[ 27%] Built target dynamixel_controllers_generate_messages_cpp
/usr/bin/make -f dynamixel_motor/dynamixel_controllers/CMakeFiles/dynamixel_controllers_generate_messages_lisp.dir/build.make dynamixel_motor/dynamixel_controllers/CMakeFiles/dynamixel_controllers_generate_messages_lisp.dir/depend
make[2]: Entering directory `/home/ubuntu/catkin_ws/build'
cd /home/ubuntu/catkin_ws/build && /usr/bin/cmake -E cmake_depends "Unix Makefiles" /home/ubuntu/catkin_ws/src /home/ubuntu/catkin_ws/src/dynamixel_motor/dynamixel_controllers /home/ubuntu/catkin_ws/build /home/ubuntu/catkin_ws/build/dynamixel_motor/dynamixel_controllers /home/ubuntu/catkin_ws/build/dynamixel_motor/dynamixel_controllers/CMakeFiles/dynamixel_controllers_generate_messages_lisp.dir/DependInfo.cmake --color=
make[2]: Leaving directory `/home/ubuntu/catkin_ws/build'
/usr/bin/make -f dynamixel_motor/dynamixel_controllers/CMakeFiles/dynamixel_controllers_generate_messages_lisp.dir/build.make dynamixel_motor/dynamixel_controllers/CMakeFiles/dynamixel_controllers_generate_messages_lisp.dir/build
make[2]: Entering directory `/home/ubuntu/catkin_ws/build'
make[2]: Nothing to be done for `dynamixel_motor/dynamixel_controllers/CMakeFiles/dynamixel_controllers_generate_messages_lisp.dir/build'.
make[2]: Leaving directory `/home/ubuntu/catkin_ws/build'
/usr/bin/cmake -E cmake_progress_report /home/ubuntu/catkin_ws/build/CMakeFiles  15 16 17 18 19 20 21 22 23
[ 40%] Built target dynamixel_controllers_generate_messages_lisp
/usr/bin/make -f dynamixel_motor/dynamixel_controllers/CMakeFiles/dynamixel_controllers_generate_messages.dir/build.make dynamixel_motor/dynamixel_controllers/CMakeFiles/dynamixel_controllers_generate_messages.dir/depend
make[2]: Entering directory `/home/ubuntu/catkin_ws/build'
cd /home/ubuntu/catkin_ws/build && /usr/bin/cmake -E cmake_depends "Unix Makefiles" /home/ubuntu/catkin_ws/src /home/ubuntu/catkin_ws/src/dynamixel_motor/dynamixel_controllers /home/ubuntu/catkin_ws/build /home/ubuntu/catkin_ws/build/dynamixel_motor/dynamixel_controllers /home/ubuntu/catkin_ws/build/dynamixel_motor/dynamixel_controllers/CMakeFiles/dynamixel_controllers_generate_messages.dir/DependInfo.cmake --color=
make[2]: Leaving directory `/home/ubuntu/catkin_ws/build'
/usr/bin/make -f dynamixel_motor/dynamixel_controllers/CMakeFiles/dynamixel_controllers_generate_messages.dir/build.make dynamixel_motor/dynamixel_controllers/CMakeFiles/dynamixel_controllers_generate_messages.dir/build
make[2]: Entering directory `/home/ubuntu/catkin_ws/build'
make[2]: Nothing to be done for `dynamixel_motor/dynamixel_controllers/CMakeFiles/dynamixel_controllers_generate_messages.dir/build'.
make[2]: Leaving directory `/home/ubuntu/catkin_ws/build'
/usr/bin/cmake -E cmake_progress_report /home/ubuntu/catkin_ws/build/CMakeFiles 
[ 40%] Built target dynamixel_controllers_generate_messages
/usr/bin/make -f rosserial/rosserial_arduino/CMakeFiles/rosserial_arduino_generate_messages_py.dir/build.make rosserial/rosserial_arduino/CMakeFiles/rosserial_arduino_generate_messages_py.dir/depend
make[2]: Entering directory `/home/ubuntu/catkin_ws/build'
cd /home/ubuntu/catkin_ws/build && /usr/bin/cmake -E cmake_depends "Unix Makefiles" /home/ubuntu/catkin_ws/src /home/ubuntu/catkin_ws/src/rosserial/rosserial_arduino /home/ubuntu/catkin_ws/build /home/ubuntu/catkin_ws/build/rosserial/rosserial_arduino /home/ubuntu/catkin_ws/build/rosserial/rosserial_arduino/CMakeFiles/rosserial_arduino_generate_messages_py.dir/DependInfo.cmake --color=
make[2]: Leaving directory `/home/ubuntu/catkin_ws/build'
/usr/bin/make -f rosserial/rosserial_arduino/CMakeFiles/rosserial_arduino_generate_messages_py.dir/build.make rosserial/rosserial_arduino/CMakeFiles/rosserial_arduino_generate_messages_py.dir/build
make[2]: Entering directory `/home/ubuntu/catkin_ws/build'
make[2]: Nothing to be done for `rosserial/rosserial_arduino/CMakeFiles/rosserial_arduino_generate_messages_py.dir/build'.
make[2]: Leaving directory `/home/ubuntu/catkin_ws/build'
/usr/bin/cmake -E cmake_progress_report /home/ubuntu/catkin_ws/build/CMakeFiles  51 52 53 54
[ 46%] Built target rosserial_arduino_generate_messages_py
/usr/bin/make -f rosserial/rosserial_arduino/CMakeFiles/rosserial_arduino_generate_messages_cpp.dir/build.make rosserial/rosserial_arduino/CMakeFiles/rosserial_arduino_generate_messages_cpp.dir/depend
make[2]: Entering directory `/home/ubuntu/catkin_ws/build'
cd /home/ubuntu/catkin_ws/build && /usr/bin/cmake -E cmake_depends "Unix Makefiles" /home/ubuntu/catkin_ws/src /home/ubuntu/catkin_ws/src/rosserial/rosserial_arduino /home/ubuntu/catkin_ws/build /home/ubuntu/catkin_ws/build/rosserial/rosserial_arduino /home/ubuntu/catkin_ws/build/rosserial/rosserial_arduino/CMakeFiles/rosserial_arduino_generate_messages_cpp.dir/DependInfo.cmake --color=
make[2]: Leaving directory `/home/ubuntu/catkin_ws/build'
/usr/bin/make -f rosserial/rosserial_arduino/CMakeFiles/rosserial_arduino_generate_messages_cpp.dir/build.make rosserial/rosserial_arduino/CMakeFiles/rosserial_arduino_generate_messages_cpp.dir/build
make[2]: Entering directory `/home/ubuntu/catkin_ws/build'
make[2]: Nothing to be done for `rosserial/rosserial_arduino/CMakeFiles/rosserial_arduino_generate_messages_cpp.dir/build'.
make[2]: Leaving directory `/home/ubuntu/catkin_ws/build'
/usr/bin/cmake -E cmake_progress_report /home/ubuntu/catkin_ws/build/CMakeFiles  47 48
[ 49%] Built target rosserial_arduino_generate_messages_cpp
/usr/bin/make -f rosserial/rosserial_arduino/CMakeFiles/rosserial_arduino_generate_messages_lisp.dir/build.make rosserial/rosserial_arduino/CMakeFiles/rosserial_arduino_generate_messages_lisp.dir/depend
make[2]: Entering directory `/home/ubuntu/catkin_ws/build'
cd /home/ubuntu/catkin_ws/build && /usr/bin/cmake -E cmake_depends "Unix Makefiles" /home/ubuntu/catkin_ws/src /home/ubuntu/catkin_ws/src/rosserial/rosserial_arduino /home/ubuntu/catkin_ws/build /home/ubuntu/catkin_ws/build/rosserial/rosserial_arduino /home/ubuntu/catkin_ws/build/rosserial/rosserial_arduino/CMakeFiles/rosserial_arduino_generate_messages_lisp.dir/DependInfo.cmake --color=
make[2]: Leaving directory `/home/ubuntu/catkin_ws/build'
/usr/bin/make -f rosserial/rosserial_arduino/CMakeFiles/rosserial_arduino_generate_messages_lisp.dir/build.make rosserial/rosserial_arduino/CMakeFiles/rosserial_arduino_generate_messages_lisp.dir/build
make[2]: Entering directory `/home/ubuntu/catkin_ws/build'
make[2]: Nothing to be done for `rosserial/rosserial_arduino/CMakeFiles/rosserial_arduino_generate_messages_lisp.dir/build'.
make[2]: Leaving directory `/home/ubuntu/catkin_ws/build'
/usr/bin/cmake -E cmake_progress_report /home/ubuntu/catkin_ws/build/CMakeFiles  49 50
[ 52%] Built target rosserial_arduino_generate_messages_lisp
/usr/bin/make -f rosserial/rosserial_arduino/CMakeFiles/rosserial_arduino_generate_messages.dir/build.make rosserial/rosserial_arduino/CMakeFiles/rosserial_arduino_generate_messages.dir/depend
make[2]: Entering directory `/home/ubuntu/catkin_ws/build'
cd /home/ubuntu/catkin_ws/build && /usr/bin/cmake -E cmake_depends "Unix Makefiles" /home/ubuntu/catkin_ws/src /home/ubuntu/catkin_ws/src/rosserial/rosserial_arduino /home/ubuntu/catkin_ws/build /home/ubuntu/catkin_ws/build/rosserial/rosserial_arduino /home/ubuntu/catkin_ws/build/rosserial/rosserial_arduino/CMakeFiles/rosserial_arduino_generate_messages.dir/DependInfo.cmake --color=
make[2]: Leaving directory `/home/ubuntu/catkin_ws/build'
/usr/bin/make -f rosserial/rosserial_arduino/CMakeFiles/rosserial_arduino_generate_messages.dir/build.make rosserial/rosserial_arduino/CMakeFiles/rosserial_arduino_generate_messages.dir/build
make[2]: Entering directory `/home/ubuntu/catkin_ws/build'
make[2]: Nothing to be done for `rosserial/rosserial_arduino/CMakeFiles/rosserial_arduino_generate_messages.dir/build'.
make[2]: Leaving directory `/home/ubuntu/catkin_ws/build'
/usr/bin/cmake -E cmake_progress_report /home/ubuntu/catkin_ws/build/CMakeFiles 
[ 52%] Built target rosserial_arduino_generate_messages
/usr/bin/make -f rosserial/rosserial_msgs/CMakeFiles/rosserial_msgs_generate_messages_lisp.dir/build.make rosserial/rosserial_msgs/CMakeFiles/rosserial_msgs_generate_messages_lisp.dir/depend
make[2]: Entering directory `/home/ubuntu/catkin_ws/build'
cd /home/ubuntu/catkin_ws/build && /usr/bin/cmake -E cmake_depends "Unix Makefiles" /home/ubuntu/catkin_ws/src /home/ubuntu/catkin_ws/src/rosserial/rosserial_msgs /home/ubuntu/catkin_ws/build /home/ubuntu/catkin_ws/build/rosserial/rosserial_msgs /home/ubuntu/catkin_ws/build/rosserial/rosserial_msgs/CMakeFiles/rosserial_msgs_generate_messages_lisp.dir/DependInfo.cmake --color=
make[2]: Leaving directory `/home/ubuntu/catkin_ws/build'
/usr/bin/make -f rosserial/rosserial_msgs/CMakeFiles/rosserial_msgs_generate_messages_lisp.dir/build.make rosserial/rosserial_msgs/CMakeFiles/rosserial_msgs_generate_messages_lisp.dir/build
make[2]: Entering directory `/home/ubuntu/catkin_ws/build'
make[2]: Nothing to be done for `rosserial/rosserial_msgs/CMakeFiles/rosserial_msgs_generate_messages_lisp.dir/build'.
make[2]: Leaving directory `/home/ubuntu/catkin_ws/build'
/usr/bin/cmake -E cmake_progress_report /home/ubuntu/catkin_ws/build/CMakeFiles  60 61 62 63 64
[ 59%] Built target rosserial_msgs_generate_messages_lisp
/usr/bin/make -f rosserial/rosserial_msgs/CMakeFiles/rosserial_msgs_generate_messages_cpp.dir/build.make rosserial/rosserial_msgs/CMakeFiles/rosserial_msgs_generate_messages_cpp.dir/depend
make[2]: Entering directory `/home/ubuntu/catkin_ws/build'
cd /home/ubuntu/catkin_ws/build && /usr/bin/cmake -E cmake_depends "Unix Makefiles" /home/ubuntu/catkin_ws/src /home/ubuntu/catkin_ws/src/rosserial/rosserial_msgs /home/ubuntu/catkin_ws/build /home/ubuntu/catkin_ws/build/rosserial/rosserial_msgs /home/ubuntu/catkin_ws/build/rosserial/rosserial_msgs/CMakeFiles/rosserial_msgs_generate_messages_cpp.dir/DependInfo.cmake --color=
make[2]: Leaving directory `/home/ubuntu/catkin_ws/build'
/usr/bin/make -f rosserial/rosserial_msgs/CMakeFiles/rosserial_msgs_generate_messages_cpp.dir/build.make rosserial/rosserial_msgs/CMakeFiles/rosserial_msgs_generate_messages_cpp.dir/build
make[2]: Entering directory `/home/ubuntu/catkin_ws/build'
make[2]: Nothing to be done for `rosserial/rosserial_msgs/CMakeFiles/rosserial_msgs_generate_messages_cpp.dir/build'.
make[2]: Leaving directory `/home/ubuntu/catkin_ws/build'
/usr/bin/cmake -E cmake_progress_report /home/ubuntu/catkin_ws/build/CMakeFiles  55 56 57 58 59
[ 66%] Built target rosserial_msgs_generate_messages_cpp
/usr/bin/make -f rosserial/rosserial_msgs/CMakeFiles/rosserial_msgs_generate_messages_py.dir/build.make rosserial/rosserial_msgs/CMakeFiles/rosserial_msgs_generate_messages_py.dir/depend
make[2]: Entering directory `/home/ubuntu/catkin_ws/build'
cd /home/ubuntu/catkin_ws/build && /usr/bin/cmake -E cmake_depends "Unix Makefiles" /home/ubuntu/catkin_ws/src /home/ubuntu/catkin_ws/src/rosserial/rosserial_msgs /home/ubuntu/catkin_ws/build /home/ubuntu/catkin_ws/build/rosserial/rosserial_msgs /home/ubuntu/catkin_ws/build/rosserial/rosserial_msgs/CMakeFiles/rosserial_msgs_generate_messages_py.dir/DependInfo.cmake --color=
make[2]: Leaving directory `/home/ubuntu/catkin_ws/build'
/usr/bin/make -f rosserial/rosserial_msgs/CMakeFiles/rosserial_msgs_generate_messages_py.dir/build.make rosserial/rosserial_msgs/CMakeFiles/rosserial_msgs_generate_messages_py.dir/build
make[2]: Entering directory `/home/ubuntu/catkin_ws/build'
make[2]: Nothing to be done for `rosserial/rosserial_msgs/CMakeFiles/rosserial_msgs_generate_messages_py.dir/build'.
make[2]: Leaving directory `/home/ubuntu/catkin_ws/build'
/usr/bin/cmake -E cmake_progress_report /home/ubuntu/catkin_ws/build/CMakeFiles  65 66 67 68 69 70 71
[ 76%] Built target rosserial_msgs_generate_messages_py
/usr/bin/make -f rosserial/rosserial_msgs/CMakeFiles/rosserial_msgs_generate_messages.dir/build.make rosserial/rosserial_msgs/CMakeFiles/rosserial_msgs_generate_messages.dir/depend
make[2]: Entering directory `/home/ubuntu/catkin_ws/build'
cd /home/ubuntu/catkin_ws/build && /usr/bin/cmake -E cmake_depends "Unix Makefiles" /home/ubuntu/catkin_ws/src /home/ubuntu/catkin_ws/src/rosserial/rosserial_msgs /home/ubuntu/catkin_ws/build /home/ubuntu/catkin_ws/build/rosserial/rosserial_msgs /home/ubuntu/catkin_ws/build/rosserial/rosserial_msgs/CMakeFiles/rosserial_msgs_generate_messages.dir/DependInfo.cmake --color=
make[2]: Leaving directory `/home/ubuntu/catkin_ws/build'
/usr/bin/make -f rosserial/rosserial_msgs/CMakeFiles/rosserial_msgs_generate_messages.dir/build.make rosserial/rosserial_msgs/CMakeFiles/rosserial_msgs_generate_messages.dir/build
make[2]: Entering directory `/home/ubuntu/catkin_ws/build'
make[2]: Nothing to be done for `rosserial/rosserial_msgs/CMakeFiles/rosserial_msgs_generate_messages.dir/build'.
make[2]: Leaving directory `/home/ubuntu/catkin_ws/build'
/usr/bin/cmake -E cmake_progress_report /home/ubuntu/catkin_ws/build/CMakeFiles 
[ 76%] Built target rosserial_msgs_generate_messages
/usr/bin/make -f dynamixel_motor/dynamixel_msgs/CMakeFiles/std_msgs_generate_messages_py.dir/build.make dynamixel_motor/dynamixel_msgs/CMakeFiles/std_msgs_generate_messages_py.dir/depend
make[2]: Entering directory `/home/ubuntu/catkin_ws/build'
cd /home/ubuntu/catkin_ws/build && /usr/bin/cmake -E cmake_depends "Unix Makefiles" /home/ubuntu/catkin_ws/src /home/ubuntu/catkin_ws/src/dynamixel_motor/dynamixel_msgs /home/ubuntu/catkin_ws/build /home/ubuntu/catkin_ws/build/dynamixel_motor/dynamixel_msgs /home/ubuntu/catkin_ws/build/dynamixel_motor/dynamixel_msgs/CMakeFiles/std_msgs_generate_messages_py.dir/DependInfo.cmake --color=
make[2]: Leaving directory `/home/ubuntu/catkin_ws/build'
/usr/bin/make -f dynamixel_motor/dynamixel_msgs/CMakeFiles/std_msgs_generate_messages_py.dir/build.make dynamixel_motor/dynamixel_msgs/CMakeFiles/std_msgs_generate_messages_py.dir/build
make[2]: Entering directory `/home/ubuntu/catkin_ws/build'
make[2]: Nothing to be done for `dynamixel_motor/dynamixel_msgs/CMakeFiles/std_msgs_generate_messages_py.dir/build'.
make[2]: Leaving directory `/home/ubuntu/catkin_ws/build'
/usr/bin/cmake -E cmake_progress_report /home/ubuntu/catkin_ws/build/CMakeFiles 
[ 76%] Built target std_msgs_generate_messages_py
/usr/bin/make -f dynamixel_motor/dynamixel_msgs/CMakeFiles/dynamixel_msgs_generate_messages_py.dir/build.make dynamixel_motor/dynamixel_msgs/CMakeFiles/dynamixel_msgs_generate_messages_py.dir/depend
make[2]: Entering directory `/home/ubuntu/catkin_ws/build'
cd /home/ubuntu/catkin_ws/build && /usr/bin/cmake -E cmake_depends "Unix Makefiles" /home/ubuntu/catkin_ws/src /home/ubuntu/catkin_ws/src/dynamixel_motor/dynamixel_msgs /home/ubuntu/catkin_ws/build /home/ubuntu/catkin_ws/build/dynamixel_motor/dynamixel_msgs /home/ubuntu/catkin_ws/build/dynamixel_motor/dynamixel_msgs/CMakeFiles/dynamixel_msgs_generate_messages_py.dir/DependInfo.cmake --color=
make[2]: Leaving directory `/home/ubuntu/catkin_ws/build'
/usr/bin/make -f dynamixel_motor/dynamixel_msgs/CMakeFiles/dynamixel_msgs_generate_messages_py.dir/build.make dynamixel_motor/dynamixel_msgs/CMakeFiles/dynamixel_msgs_generate_messages_py.dir/build
make[2]: Entering directory `/home/ubuntu/catkin_ws/build'
make[2]: Nothing to be done for `dynamixel_motor/dynamixel_msgs/CMakeFiles/dynamixel_msgs_generate_messages_py.dir/build'.
make[2]: Leaving directory `/home/ubuntu/catkin_ws/build'
/usr/bin/cmake -E cmake_progress_report /home/ubuntu/catkin_ws/build/CMakeFiles  40 41 42 43
[ 82%] Built target dynamixel_msgs_generate_messages_py
/usr/bin/make -f dynamixel_motor/dynamixel_msgs/CMakeFiles/std_msgs_generate_messages_lisp.dir/build.make dynamixel_motor/dynamixel_msgs/CMakeFiles/std_msgs_generate_messages_lisp.dir/depend
make[2]: Entering directory `/home/ubuntu/catkin_ws/build'
cd /home/ubuntu/catkin_ws/build && /usr/bin/cmake -E cmake_depends "Unix Makefiles" /home/ubuntu/catkin_ws/src /home/ubuntu/catkin_ws/src/dynamixel_motor/dynamixel_msgs /home/ubuntu/catkin_ws/build /home/ubuntu/catkin_ws/build/dynamixel_motor/dynamixel_msgs /home/ubuntu/catkin_ws/build/dynamixel_motor/dynamixel_msgs/CMakeFiles/std_msgs_generate_messages_lisp.dir/DependInfo.cmake --color=
make[2]: Leaving directory `/home/ubuntu/catkin_ws/build'
/usr/bin/make -f dynamixel_motor/dynamixel_msgs/CMakeFiles/std_msgs_generate_messages_lisp.dir/build.make dynamixel_motor/dynamixel_msgs/CMakeFiles/std_msgs_generate_messages_lisp.dir/build
make[2]: Entering directory `/home/ubuntu/catkin_ws/build'
make[2]: Nothing to be done for `dynamixel_motor/dynamixel_msgs/CMakeFiles/std_msgs_generate_messages_lisp.dir/build'.
make[2]: Leaving directory `/home/ubuntu/catkin_ws/build'
/usr/bin/cmake -E cmake_progress_report /home/ubuntu/catkin_ws/build/CMakeFiles 
[ 82%] Built target std_msgs_generate_messages_lisp
/usr/bin/make -f dynamixel_motor/dynamixel_msgs/CMakeFiles/dynamixel_msgs_generate_messages_lisp.dir/build.make dynamixel_motor/dynamixel_msgs/CMakeFiles/dynamixel_msgs_generate_messages_lisp.dir/depend
make[2]: Entering directory `/home/ubuntu/catkin_ws/build'
cd /home/ubuntu/catkin_ws/build && /usr/bin/cmake -E cmake_depends "Unix Makefiles" /home/ubuntu/catkin_ws/src /home/ubuntu/catkin_ws/src/dynamixel_motor/dynamixel_msgs /home/ubuntu/catkin_ws/build /home/ubuntu/catkin_ws/build/dynamixel_motor/dynamixel_msgs /home/ubuntu/catkin_ws/build/dynamixel_motor/dynamixel_msgs/CMakeFiles/dynamixel_msgs_generate_messages_lisp.dir/DependInfo.cmake --color=
make[2]: Leaving directory `/home/ubuntu/catkin_ws/build'
/usr/bin/make -f dynamixel_motor/dynamixel_msgs/CMakeFiles/dynamixel_msgs_generate_messages_lisp.dir/build.make dynamixel_motor/dynamixel_msgs/CMakeFiles/dynamixel_msgs_generate_messages_lisp.dir/build
make[2]: Entering directory `/home/ubuntu/catkin_ws/build'
make[2]: Nothing to be done for `dynamixel_motor/dynamixel_msgs/CMakeFiles/dynamixel_msgs_generate_messages_lisp.dir/build'.
make[2]: Leaving directory `/home/ubuntu/catkin_ws/build'
/usr/bin/cmake -E cmake_progress_report /home/ubuntu/catkin_ws/build/CMakeFiles  37 38 39
[ 86%] Built target dynamixel_msgs_generate_messages_lisp
/usr/bin/make -f dynamixel_motor/dynamixel_msgs/CMakeFiles/std_msgs_generate_messages_cpp.dir/build.make dynamixel_motor/dynamixel_msgs/CMakeFiles/std_msgs_generate_messages_cpp.dir/depend
make[2]: Entering directory `/home/ubuntu/catkin_ws/build'
cd /home/ubuntu/catkin_ws/build && /usr/bin/cmake -E cmake_depends "Unix Makefiles" /home/ubuntu/catkin_ws/src /home/ubuntu/catkin_ws/src/dynamixel_motor/dynamixel_msgs /home/ubuntu/catkin_ws/build /home/ubuntu/catkin_ws/build/dynamixel_motor/dynamixel_msgs /home/ubuntu/catkin_ws/build/dynamixel_motor/dynamixel_msgs/CMakeFiles/std_msgs_generate_messages_cpp.dir/DependInfo.cmake --color=
make[2]: Leaving directory `/home/ubuntu/catkin_ws/build'
/usr/bin/make -f dynamixel_motor/dynamixel_msgs/CMakeFiles/std_msgs_generate_messages_cpp.dir/build.make dynamixel_motor/dynamixel_msgs/CMakeFiles/std_msgs_generate_messages_cpp.dir/build
make[2]: Entering directory `/home/ubuntu/catkin_ws/build'
make[2]: Nothing to be done for `dynamixel_motor/dynamixel_msgs/CMakeFiles/std_msgs_generate_messages_cpp.dir/build'.
make[2]: Leaving directory `/home/ubuntu/catkin_ws/build'
/usr/bin/cmake -E cmake_progress_report /home/ubuntu/catkin_ws/build/CMakeFiles 
[ 86%] Built target std_msgs_generate_messages_cpp
/usr/bin/make -f dynamixel_motor/dynamixel_msgs/CMakeFiles/dynamixel_msgs_generate_messages_cpp.dir/build.make dynamixel_motor/dynamixel_msgs/CMakeFiles/dynamixel_msgs_generate_messages_cpp.dir/depend
make[2]: Entering directory `/home/ubuntu/catkin_ws/build'
cd /home/ubuntu/catkin_ws/build && /usr/bin/cmake -E cmake_depends "Unix Makefiles" /home/ubuntu/catkin_ws/src /home/ubuntu/catkin_ws/src/dynamixel_motor/dynamixel_msgs /home/ubuntu/catkin_ws/build /home/ubuntu/catkin_ws/build/dynamixel_motor/dynamixel_msgs /home/ubuntu/catkin_ws/build/dynamixel_motor/dynamixel_msgs/CMakeFiles/dynamixel_msgs_generate_messages_cpp.dir/DependInfo.cmake --color=
make[2]: Leaving directory `/home/ubuntu/catkin_ws/build'
/usr/bin/make -f dynamixel_motor/dynamixel_msgs/CMakeFiles/dynamixel_msgs_generate_messages_cpp.dir/build.make dynamixel_motor/dynamixel_msgs/CMakeFiles/dynamixel_msgs_generate_messages_cpp.dir/build
make[2]: Entering directory `/home/ubuntu/catkin_ws/build'
make[2]: Nothing to be done for `dynamixel_motor/dynamixel_msgs/CMakeFiles/dynamixel_msgs_generate_messages_cpp.dir/build'.
make[2]: Leaving directory `/home/ubuntu/catkin_ws/build'
/usr/bin/cmake -E cmake_progress_report /home/ubuntu/catkin_ws/build/CMakeFiles  34 35 36
[ 91%] Built target dynamixel_msgs_generate_messages_cpp
/usr/bin/make -f dynamixel_motor/dynamixel_msgs/CMakeFiles/dynamixel_msgs_generate_messages.dir/build.make dynamixel_motor/dynamixel_msgs/CMakeFiles/dynamixel_msgs_generate_messages.dir/depend
make[2]: Entering directory `/home/ubuntu/catkin_ws/build'
cd /home/ubuntu/catkin_ws/build && /usr/bin/cmake -E cmake_depends "Unix Makefiles" /home/ubuntu/catkin_ws/src /home/ubuntu/catkin_ws/src/dynamixel_motor/dynamixel_msgs /home/ubuntu/catkin_ws/build /home/ubuntu/catkin_ws/build/dynamixel_motor/dynamixel_msgs /home/ubuntu/catkin_ws/build/dynamixel_motor/dynamixel_msgs/CMakeFiles/dynamixel_msgs_generate_messages.dir/DependInfo.cmake --color=
make[2]: Leaving directory `/home/ubuntu/catkin_ws/build'
/usr/bin/make -f dynamixel_motor/dynamixel_msgs/CMakeFiles/dynamixel_msgs_generate_messages.dir/build.make dynamixel_motor/dynamixel_msgs/CMakeFiles/dynamixel_msgs_generate_messages.dir/build
make[2]: Entering directory `/home/ubuntu/catkin_ws/build'
make[2]: Nothing to be done for `dynamixel_motor/dynamixel_msgs/CMakeFiles/dynamixel_msgs_generate_messages.dir/build'.
make[2]: Leaving directory `/home/ubuntu/catkin_ws/build'
/usr/bin/cmake -E cmake_progress_report /home/ubuntu/catkin_ws/build/CMakeFiles 
[ 91%] Built target dynamixel_msgs_generate_messages
/usr/bin/make -f beginner_tutorials/CMakeFiles/beginner_tutorials_generate_messages_py.dir/build.make beginner_tutorials/CMakeFiles/beginner_tutorials_generate_messages_py.dir/depend
make[2]: Entering directory `/home/ubuntu/catkin_ws/build'
cd /home/ubuntu/catkin_ws/build && /usr/bin/cmake -E cmake_depends "Unix Makefiles" /home/ubuntu/catkin_ws/src /home/ubuntu/catkin_ws/src/beginner_tutorials /home/ubuntu/catkin_ws/build /home/ubuntu/catkin_ws/build/beginner_tutorials /home/ubuntu/catkin_ws/build/beginner_tutorials/CMakeFiles/beginner_tutorials_generate_messages_py.dir/DependInfo.cmake --color=
make[2]: Leaving directory `/home/ubuntu/catkin_ws/build'
/usr/bin/make -f beginner_tutorials/CMakeFiles/beginner_tutorials_generate_messages_py.dir/build.make beginner_tutorials/CMakeFiles/beginner_tutorials_generate_messages_py.dir/build
make[2]: Entering directory `/home/ubuntu/catkin_ws/build'
make[2]: Nothing to be done for `beginner_tutorials/CMakeFiles/beginner_tutorials_generate_messages_py.dir/build'.
make[2]: Leaving directory `/home/ubuntu/catkin_ws/build'
/usr/bin/cmake -E cmake_progress_report /home/ubuntu/catkin_ws/build/CMakeFiles  3 4
[ 94%] Built target beginner_tutorials_generate_messages_py
/usr/bin/make -f beginner_tutorials/CMakeFiles/beginner_tutorials_generate_messages_lisp.dir/build.make beginner_tutorials/CMakeFiles/beginner_tutorials_generate_messages_lisp.dir/depend
make[2]: Entering directory `/home/ubuntu/catkin_ws/build'
cd /home/ubuntu/catkin_ws/build && /usr/bin/cmake -E cmake_depends "Unix Makefiles" /home/ubuntu/catkin_ws/src /home/ubuntu/catkin_ws/src/beginner_tutorials /home/ubuntu/catkin_ws/build /home/ubuntu/catkin_ws/build/beginner_tutorials /home/ubuntu/catkin_ws/build/beginner_tutorials/CMakeFiles/beginner_tutorials_generate_messages_lisp.dir/DependInfo.cmake --color=
make[2]: Leaving directory `/home/ubuntu/catkin_ws/build'
/usr/bin/make -f beginner_tutorials/CMakeFiles/beginner_tutorials_generate_messages_lisp.dir/build.make beginner_tutorials/CMakeFiles/beginner_tutorials_generate_messages_lisp.dir/build
make[2]: Entering directory `/home/ubuntu/catkin_ws/build'
make[2]: Nothing to be done for `beginner_tutorials/CMakeFiles/beginner_tutorials_generate_messages_lisp.dir/build'.
make[2]: Leaving directory `/home/ubuntu/catkin_ws/build'
/usr/bin/cmake -E cmake_progress_report /home/ubuntu/catkin_ws/build/CMakeFiles  2
[ 95%] Built target beginner_tutorials_generate_messages_lisp
/usr/bin/make -f beginner_tutorials/CMakeFiles/beginner_tutorials_generate_messages_cpp.dir/build.make beginner_tutorials/CMakeFiles/beginner_tutorials_generate_messages_cpp.dir/depend
make[2]: Entering directory `/home/ubuntu/catkin_ws/build'
cd /home/ubuntu/catkin_ws/build && /usr/bin/cmake -E cmake_depends "Unix Makefiles" /home/ubuntu/catkin_ws/src /home/ubuntu/catkin_ws/src/beginner_tutorials /home/ubuntu/catkin_ws/build /home/ubuntu/catkin_ws/build/beginner_tutorials /home/ubuntu/catkin_ws/build/beginner_tutorials/CMakeFiles/beginner_tutorials_generate_messages_cpp.dir/DependInfo.cmake --color=
make[2]: Leaving directory `/home/ubuntu/catkin_ws/build'
/usr/bin/make -f beginner_tutorials/CMakeFiles/beginner_tutorials_generate_messages_cpp.dir/build.make beginner_tutorials/CMakeFiles/beginner_tutorials_generate_messages_cpp.dir/build
make[2]: Entering directory `/home/ubuntu/catkin_ws/build'
make[2]: Nothing to be done for `beginner_tutorials/CMakeFiles/beginner_tutorials_generate_messages_cpp.dir/build'.
make[2]: Leaving directory `/home/ubuntu/catkin_ws/build'
/usr/bin/cmake -E cmake_progress_report /home/ubuntu/catkin_ws/build/CMakeFiles  1
[ 97%] Built target beginner_tutorials_generate_messages_cpp
/usr/bin/make -f beginner_tutorials/CMakeFiles/beginner_tutorials_generate_messages.dir/build.make beginner_tutorials/CMakeFiles/beginner_tutorials_generate_messages.dir/depend
make[2]: Entering directory `/home/ubuntu/catkin_ws/build'
cd /home/ubuntu/catkin_ws/build && /usr/bin/cmake -E cmake_depends "Unix Makefiles" /home/ubuntu/catkin_ws/src /home/ubuntu/catkin_ws/src/beginner_tutorials /home/ubuntu/catkin_ws/build /home/ubuntu/catkin_ws/build/beginner_tutorials /home/ubuntu/catkin_ws/build/beginner_tutorials/CMakeFiles/beginner_tutorials_generate_messages.dir/DependInfo.cmake --color=
make[2]: Leaving directory `/home/ubuntu/catkin_ws/build'
/usr/bin/make -f beginner_tutorials/CMakeFiles/beginner_tutorials_generate_messages.dir/build.make beginner_tutorials/CMakeFiles/beginner_tutorials_generate_messages.dir/build
make[2]: Entering directory `/home/ubuntu/catkin_ws/build'
make[2]: Nothing to be done for `beginner_tutorials/CMakeFiles/beginner_tutorials_generate_messages.dir/build'.
make[2]: Leaving directory `/home/ubuntu/catkin_ws/build'
/usr/bin/cmake -E cmake_progress_report /home/ubuntu/catkin_ws/build/CMakeFiles 
[ 97%] Built target beginner_tutorials_generate_messages
/usr/bin/make -f rosserial/rosserial_msgs/CMakeFiles/rosserial_msgs_gencpp.dir/build.make rosserial/rosserial_msgs/CMakeFiles/rosserial_msgs_gencpp.dir/depend
make[2]: Entering directory `/home/ubuntu/catkin_ws/build'
cd /home/ubuntu/catkin_ws/build && /usr/bin/cmake -E cmake_depends "Unix Makefiles" /home/ubuntu/catkin_ws/src /home/ubuntu/catkin_ws/src/rosserial/rosserial_msgs /home/ubuntu/catkin_ws/build /home/ubuntu/catkin_ws/build/rosserial/rosserial_msgs /home/ubuntu/catkin_ws/build/rosserial/rosserial_msgs/CMakeFiles/rosserial_msgs_gencpp.dir/DependInfo.cmake --color=
make[2]: Leaving directory `/home/ubuntu/catkin_ws/build'
/usr/bin/make -f rosserial/rosserial_msgs/CMakeFiles/rosserial_msgs_gencpp.dir/build.make rosserial/rosserial_msgs/CMakeFiles/rosserial_msgs_gencpp.dir/build
make[2]: Entering directory `/home/ubuntu/catkin_ws/build'
make[2]: Nothing to be done for `rosserial/rosserial_msgs/CMakeFiles/rosserial_msgs_gencpp.dir/build'.
make[2]: Leaving directory `/home/ubuntu/catkin_ws/build'
/usr/bin/cmake -E cmake_progress_report /home/ubuntu/catkin_ws/build/CMakeFiles 
[ 97%] Built target rosserial_msgs_gencpp
/usr/bin/make -f rosserial/rosserial_server/CMakeFiles/rosserial_server_serial_node.dir/build.make rosserial/rosserial_server/CMakeFiles/rosserial_server_serial_node.dir/depend
make[2]: Entering directory `/home/ubuntu/catkin_ws/build'
cd /home/ubuntu/catkin_ws/build && /usr/bin/cmake -E cmake_depends "Unix Makefiles" /home/ubuntu/catkin_ws/src /home/ubuntu/catkin_ws/src/rosserial/rosserial_server /home/ubuntu/catkin_ws/build /home/ubuntu/catkin_ws/build/rosserial/rosserial_server /home/ubuntu/catkin_ws/build/rosserial/rosserial_server/CMakeFiles/rosserial_server_serial_node.dir/DependInfo.cmake --color=
make[2]: Leaving directory `/home/ubuntu/catkin_ws/build'
/usr/bin/make -f rosserial/rosserial_server/CMakeFiles/rosserial_server_serial_node.dir/build.make rosserial/rosserial_server/CMakeFiles/rosserial_server_serial_node.dir/build
make[2]: Entering directory `/home/ubuntu/catkin_ws/build'
make[2]: Nothing to be done for `rosserial/rosserial_server/CMakeFiles/rosserial_server_serial_node.dir/build'.
make[2]: Leaving directory `/home/ubuntu/catkin_ws/build'
/usr/bin/cmake -E cmake_progress_report /home/ubuntu/catkin_ws/build/CMakeFiles  72
[ 98%] Built target rosserial_server_serial_node
/usr/bin/make -f rosserial/rosserial_server/CMakeFiles/rosserial_server_socket_node.dir/build.make rosserial/rosserial_server/CMakeFiles/rosserial_server_socket_node.dir/depend
make[2]: Entering directory `/home/ubuntu/catkin_ws/build'
cd /home/ubuntu/catkin_ws/build && /usr/bin/cmake -E cmake_depends "Unix Makefiles" /home/ubuntu/catkin_ws/src /home/ubuntu/catkin_ws/src/rosserial/rosserial_server /home/ubuntu/catkin_ws/build /home/ubuntu/catkin_ws/build/rosserial/rosserial_server /home/ubuntu/catkin_ws/build/rosserial/rosserial_server/CMakeFiles/rosserial_server_socket_node.dir/DependInfo.cmake --color=
make[2]: Leaving directory `/home/ubuntu/catkin_ws/build'
/usr/bin/make -f rosserial/rosserial_server/CMakeFiles/rosserial_server_socket_node.dir/build.make rosserial/rosserial_server/CMakeFiles/rosserial_server_socket_node.dir/build
make[2]: Entering directory `/home/ubuntu/catkin_ws/build'
make[2]: Nothing to be done for `rosserial/rosserial_server/CMakeFiles/rosserial_server_socket_node.dir/build'.
make[2]: Leaving directory `/home/ubuntu/catkin_ws/build'
/usr/bin/cmake -E cmake_progress_report /home/ubuntu/catkin_ws/build/CMakeFiles  73
[100%] Built target rosserial_server_socket_node
make[1]: Leaving directory `/home/ubuntu/catkin_ws/build'
/usr/bin/cmake -E cmake_progress_start /home/ubuntu/catkin_ws/build/CMakeFiles 0
